<?xml version="1.0" encoding="UTF-8"?>
<testsuite name="com.aor.numbers.ListAggregatorTest" tests="4" skipped="0" failures="0" errors="0" timestamp="2019-03-11T14:08:47" hostname="silvia-Lenovo" time="0.001">
  <properties/>
  <testcase name="max" classname="com.aor.numbers.ListAggregatorTest" time="0.0"/>
  <testcase name="min" classname="com.aor.numbers.ListAggregatorTest" time="0.001"/>
  <testcase name="sum" classname="com.aor.numbers.ListAggregatorTest" time="0.0"/>
  <testcase name="distinct" classname="com.aor.numbers.ListAggregatorTest" time="0.0"/>
  <system-out><![CDATA[]]></system-out>
  <system-err><![CDATA[]]></system-err>
</testsuite>
