<?xml version="1.0" encoding="UTF-8"?>
<testsuite name="com.aor.refactoring.example4.WorkerTest" tests="3" skipped="0" failures="0" errors="0" timestamp="2019-04-01T15:50:53" hostname="silvia-Lenovo" time="0.002">
  <properties/>
  <testcase name="testClient" classname="com.aor.refactoring.example4.WorkerTest" time="0.0"/>
  <testcase name="testWorker" classname="com.aor.refactoring.example4.WorkerTest" time="0.0"/>
  <testcase name="testSupervisor" classname="com.aor.refactoring.example4.WorkerTest" time="0.0"/>
  <system-out><![CDATA[]]></system-out>
  <system-err><![CDATA[]]></system-err>
</testsuite>
